<?xml version="1.0" encoding="UTF-8"?>
<!-- Generated by org.testng.reporters.JUnitXMLReporter -->
<testsuite hostname="sumithra" name="Default test" tests="4" failures="0" timestamp="3 Oct 2016 07:47:55 GMT" time="25.981" errors="0">
  <testcase name="validateHomePage" time="10.282" classname="com.wirecard.ntltaxi.testcases.HomePageTest"/>
  <testcase name="validateHomePage" time="1.653" classname="com.wirecard.ntltaxi.testcases.HomePageTest"/>
  <testcase name="validateHomePage" time="1.599" classname="com.wirecard.ntltaxi.testcases.HomePageTest"/>
  <testcase name="validateHomePage" time="2.192" classname="com.wirecard.ntltaxi.testcases.HomePageTest"/>
</testsuite> <!-- Default test -->
